<?xml version="1.0" encoding="UTF-8"?>
<!-- Generated by org.testng.reporters.JUnitXMLReporter -->
<testsuite hostname="DESKTOP-7C7M603" name="Regression test" tests="4" failures="0" timestamp="30 Sep 2019 05:21:33 GMT" time="37.252" errors="0">
  <testcase name="@BeforeClass isSkip" time="0.0" classname="com.QSPTech.ProjectName.ModuleName.testCases.TC003_Create_an_Account">
    <skipped/>
  </testcase> <!-- @BeforeClass isSkip -->
  <testcase name="@BeforeClass isSkip" time="0.0" classname="com.QSPTech.ProjectName.ModuleName.testCases.TC004_Create_an_Account">
    <skipped/>
  </testcase> <!-- @BeforeClass isSkip -->
  <testcase name="TC001_Create_An_Account" time="18.434" classname="com.QSPTech.ProjectName.ModuleName.testCases.TC001_Create_an_Account"/>
  <testcase name="TC002_Create_An_Account" time="16.473" classname="com.QSPTech.ProjectName.ModuleName.testCases.TC002_Create_an_Account"/>
  <testcase name="TC003_Create_An_Account" time="0.001" classname="com.QSPTech.ProjectName.ModuleName.testCases.TC003_Create_an_Account">
    <skipped/>
  </testcase> <!-- TC003_Create_An_Account -->
  <testcase name="TC004_Create_An_Account" time="0.001" classname="com.QSPTech.ProjectName.ModuleName.testCases.TC004_Create_an_Account">
    <skipped/>
  </testcase> <!-- TC004_Create_An_Account -->
</testsuite> <!-- Regression test -->
